  Phase2.cpp
C:\Users\David\source\repos\Phase 2\Phase 2\Phase2.cpp(61,13): warning C4309: '=': truncation of constant value
C:\Users\David\source\repos\Phase 2\Phase 2\Phase2.cpp(65,15): warning C4309: '=': truncation of constant value
C:\Users\David\source\repos\Phase 2\Phase 2\Phase2.cpp(69,13): warning C4309: '=': truncation of constant value
C:\Users\David\source\repos\Phase 2\Phase 2\Phase2.cpp(73,14): warning C4309: '=': truncation of constant value
C:\Users\David\source\repos\Phase 2\Phase 2\Phase2.cpp(77,14): warning C4309: '=': truncation of constant value
C:\Users\David\source\repos\Phase 2\Phase 2\Phase2.cpp(81,14): warning C4309: '=': truncation of constant value
C:\Users\David\source\repos\Phase 2\Phase 2\Phase2.cpp(85,14): warning C4309: '=': truncation of constant value
C:\Users\David\source\repos\Phase 2\Phase 2\Phase2.cpp(89,15): warning C4309: '=': truncation of constant value
C:\Users\David\source\repos\Phase 2\Phase 2\Phase2.cpp(92,14): warning C4309: '=': truncation of constant value
C:\Users\David\source\repos\Phase 2\Phase 2\Phase2.cpp(93,14): warning C4309: '=': truncation of constant value
C:\Users\David\source\repos\Phase 2\Phase 2\Phase2.cpp(94,14): warning C4309: '=': truncation of constant value
C:\Users\David\source\repos\Phase 2\Phase 2\Phase2.cpp(95,14): warning C4309: '=': truncation of constant value
C:\Users\David\source\repos\Phase 2\Phase 2\Phase2.cpp(96,14): warning C4309: '=': truncation of constant value
C:\Users\David\source\repos\Phase 2\Phase 2\Phase2.cpp(97,16): warning C4309: '=': truncation of constant value
C:\Users\David\source\repos\Phase 2\Phase 2\Phase2.cpp(98,18): warning C4309: '=': truncation of constant value
C:\Users\David\source\repos\Phase 2\Phase 2\Phase2.cpp(99,16): warning C4309: '=': truncation of constant value
C:\Users\David\source\repos\Phase 2\Phase 2\Phase2.cpp(100,16): warning C4309: '=': truncation of constant value
C:\Users\David\source\repos\Phase 2\Phase 2\Phase2.cpp(101,18): warning C4309: '=': truncation of constant value
C:\Users\David\source\repos\Phase 2\Phase 2\Phase2.cpp(102,18): warning C4309: '=': truncation of constant value
C:\Users\David\source\repos\Phase 2\Phase 2\Phase2.cpp(103,18): warning C4309: '=': truncation of constant value
C:\Users\David\source\repos\Phase 2\Phase 2\Phase2.cpp(122,14): warning C4309: '=': truncation of constant value
C:\Users\David\source\repos\Phase 2\Phase 2\Phase2.cpp(125,15): warning C4309: '=': truncation of constant value
C:\Users\David\source\repos\Phase 2\Phase 2\Phase2.cpp(126,17): warning C4309: '=': truncation of constant value
C:\Users\David\source\repos\Phase 2\Phase 2\Phase2.cpp(127,17): warning C4309: '=': truncation of constant value
C:\Users\David\source\repos\Phase 2\Phase 2\Phase2.cpp(128,17): warning C4309: '=': truncation of constant value
C:\Users\David\source\repos\Phase 2\Phase 2\Phase2.cpp(129,17): warning C4309: '=': truncation of constant value
C:\Users\David\source\repos\Phase 2\Phase 2\Phase2.cpp(130,21): warning C4309: '=': truncation of constant value
C:\Users\David\source\repos\Phase 2\Phase 2\Phase2.cpp(131,21): warning C4309: '=': truncation of constant value
C:\Users\David\source\repos\Phase 2\Phase 2\Phase2.cpp(132,21): warning C4309: '=': truncation of constant value
C:\Users\David\source\repos\Phase 2\Phase 2\Phase2.cpp(133,21): warning C4309: '=': truncation of constant value
C:\Users\David\source\repos\Phase 2\Phase 2\Phase2.cpp(134,21): warning C4309: '=': truncation of constant value
C:\Users\David\source\repos\Phase 2\Phase 2\Phase2.cpp(135,21): warning C4309: '=': truncation of constant value
C:\Users\David\source\repos\Phase 2\Phase 2\Phase2.cpp(136,21): warning C4309: '=': truncation of constant value
C:\Users\David\source\repos\Phase 2\Phase 2\Phase2.cpp(139,14): warning C4309: '=': truncation of constant value
C:\Users\David\source\repos\Phase 2\Phase 2\Phase2.cpp(144,15): warning C4309: '=': truncation of constant value
C:\Users\David\source\repos\Phase 2\Phase 2\Phase2.cpp(146,15): warning C4309: '=': truncation of constant value
C:\Users\David\source\repos\Phase 2\Phase 2\Phase2.cpp(147,15): warning C4309: '=': truncation of constant value
C:\Users\David\source\repos\Phase 2\Phase 2\Phase2.cpp(150,14): warning C4309: '=': truncation of constant value
C:\Users\David\source\repos\Phase 2\Phase 2\Phase2.cpp(152,15): warning C4309: '=': truncation of constant value
C:\Users\David\source\repos\Phase 2\Phase 2\Phase2.cpp(155,15): warning C4309: '=': truncation of constant value
C:\Users\David\source\repos\Phase 2\Phase 2\Phase2.cpp(157,15): warning C4309: '=': truncation of constant value
C:\Users\David\source\repos\Phase 2\Phase 2\Phase2.cpp(162,14): warning C4309: '=': truncation of constant value
C:\Users\David\source\repos\Phase 2\Phase 2\Phase2.cpp(168,15): warning C4309: '=': truncation of constant value
C:\Users\David\source\repos\Phase 2\Phase 2\Phase2.cpp(170,15): warning C4309: '=': truncation of constant value
C:\Users\David\source\repos\Phase 2\Phase 2\Phase2.cpp(171,15): warning C4309: '=': truncation of constant value
C:\Users\David\source\repos\Phase 2\Phase 2\Phase2.cpp(174,14): warning C4309: '=': truncation of constant value
C:\Users\David\source\repos\Phase 2\Phase 2\Phase2.cpp(176,15): warning C4309: '=': truncation of constant value
C:\Users\David\source\repos\Phase 2\Phase 2\Phase2.cpp(179,15): warning C4309: '=': truncation of constant value
C:\Users\David\source\repos\Phase 2\Phase 2\Phase2.cpp(181,15): warning C4309: '=': truncation of constant value
C:\Users\David\source\repos\Phase 2\Phase 2\Phase2.cpp(186,14): warning C4309: '=': truncation of constant value
C:\Users\David\source\repos\Phase 2\Phase 2\Phase2.cpp(192,15): warning C4309: '=': truncation of constant value
C:\Users\David\source\repos\Phase 2\Phase 2\Phase2.cpp(194,15): warning C4309: '=': truncation of constant value
C:\Users\David\source\repos\Phase 2\Phase 2\Phase2.cpp(195,15): warning C4309: '=': truncation of constant value
C:\Users\David\source\repos\Phase 2\Phase 2\Phase2.cpp(198,14): warning C4309: '=': truncation of constant value
C:\Users\David\source\repos\Phase 2\Phase 2\Phase2.cpp(200,15): warning C4309: '=': truncation of constant value
C:\Users\David\source\repos\Phase 2\Phase 2\Phase2.cpp(203,15): warning C4309: '=': truncation of constant value
C:\Users\David\source\repos\Phase 2\Phase 2\Phase2.cpp(205,15): warning C4309: '=': truncation of constant value
C:\Users\David\source\repos\Phase 2\Phase 2\Phase2.cpp(213,16): warning C4309: '=': truncation of constant value
C:\Users\David\source\repos\Phase 2\Phase 2\Phase2.cpp(237,22): warning C4309: '=': truncation of constant value
C:\Users\David\source\repos\Phase 2\Phase 2\Phase2.cpp(242,30): warning C4309: '=': truncation of constant value
C:\Users\David\source\repos\Phase 2\Phase 2\Phase2.cpp(243,30): warning C4309: '=': truncation of constant value
C:\Users\David\source\repos\Phase 2\Phase 2\Phase2.cpp(288,25): warning C4309: '=': truncation of constant value
C:\Users\David\source\repos\Phase 2\Phase 2\Phase2.cpp(351,16): warning C4309: '=': truncation of constant value
C:\Users\David\source\repos\Phase 2\Phase 2\Phase2.cpp(419,25): warning C4309: '=': truncation of constant value
C:\Users\David\source\repos\Phase 2\Phase 2\Phase2.cpp(437,25): warning C4309: '=': truncation of constant value
C:\Users\David\source\repos\Phase 2\Phase 2\Phase2.cpp(464,20): warning C4309: '=': truncation of constant value
C:\Users\David\source\repos\Phase 2\Phase 2\Phase2.cpp(465,20): warning C4309: '=': truncation of constant value
C:\Users\David\source\repos\Phase 2\Phase 2\Phase2.cpp(522,20): warning C4309: '=': truncation of constant value
C:\Users\David\source\repos\Phase 2\Phase 2\Phase2.cpp(523,22): warning C4309: '=': truncation of constant value
C:\Users\David\source\repos\Phase 2\Phase 2\Phase2.cpp(524,22): warning C4309: '=': truncation of constant value
C:\Users\David\source\repos\Phase 2\Phase 2\Phase2.cpp(525,22): warning C4309: '=': truncation of constant value
C:\Users\David\source\repos\Phase 2\Phase 2\Phase2.cpp(526,26): warning C4309: '=': truncation of constant value
C:\Users\David\source\repos\Phase 2\Phase 2\Phase2.cpp(527,26): warning C4309: '=': truncation of constant value
C:\Users\David\source\repos\Phase 2\Phase 2\Phase2.cpp(528,22): warning C4309: '=': truncation of constant value
C:\Users\David\source\repos\Phase 2\Phase 2\Phase2.cpp(529,22): warning C4309: '=': truncation of constant value
C:\Users\David\source\repos\Phase 2\Phase 2\Phase2.cpp(530,28): warning C4309: '=': truncation of constant value
C:\Users\David\source\repos\Phase 2\Phase 2\Phase2.cpp(531,28): warning C4309: '=': truncation of constant value
C:\Users\David\source\repos\Phase 2\Phase 2\Phase2.cpp(532,28): warning C4309: '=': truncation of constant value
C:\Users\David\source\repos\Phase 2\Phase 2\Phase2.cpp(533,28): warning C4309: '=': truncation of constant value
C:\Users\David\source\repos\Phase 2\Phase 2\Phase2.cpp(534,28): warning C4309: '=': truncation of constant value
C:\Users\David\source\repos\Phase 2\Phase 2\Phase2.cpp(535,28): warning C4309: '=': truncation of constant value
C:\Users\David\source\repos\Phase 2\Phase 2\Phase2.cpp(536,27): warning C4309: '=': truncation of constant value
C:\Users\David\source\repos\Phase 2\Phase 2\Phase2.cpp(537,28): warning C4309: '=': truncation of constant value
C:\Users\David\source\repos\Phase 2\Phase 2\Phase2.cpp(538,28): warning C4309: '=': truncation of constant value
C:\Users\David\source\repos\Phase 2\Phase 2\Phase2.cpp(539,24): warning C4309: '=': truncation of constant value
C:\Users\David\source\repos\Phase 2\Phase 2\Phase2.cpp(542,28): warning C4309: '=': truncation of constant value
C:\Users\David\source\repos\Phase 2\Phase 2\Phase2.cpp(543,28): warning C4309: '=': truncation of constant value
C:\Users\David\source\repos\Phase 2\Phase 2\Phase2.cpp(547,29): warning C4309: '=': truncation of constant value
C:\Users\David\source\repos\Phase 2\Phase 2\Phase2.cpp(548,31): warning C4309: '=': truncation of constant value
C:\Users\David\source\repos\Phase 2\Phase 2\Phase2.cpp(549,34): warning C4309: '=': truncation of constant value
C:\Users\David\source\repos\Phase 2\Phase 2\Phase2.cpp(550,34): warning C4309: '=': truncation of constant value
C:\Users\David\source\repos\Phase 2\Phase 2\Phase2.cpp(551,31): warning C4309: '=': truncation of constant value
C:\Users\David\source\repos\Phase 2\Phase 2\Phase2.cpp(552,31): warning C4309: '=': truncation of constant value
C:\Users\David\source\repos\Phase 2\Phase 2\Phase2.cpp(553,33): warning C4309: '=': truncation of constant value
C:\Users\David\source\repos\Phase 2\Phase 2\Phase2.cpp(554,35): warning C4309: '=': truncation of constant value
C:\Users\David\source\repos\Phase 2\Phase 2\Phase2.cpp(555,35): warning C4309: '=': truncation of constant value
C:\Users\David\source\repos\Phase 2\Phase 2\Phase2.cpp(556,37): warning C4309: '=': truncation of constant value
C:\Users\David\source\repos\Phase 2\Phase 2\Phase2.cpp(557,35): warning C4309: '=': truncation of constant value
C:\Users\David\source\repos\Phase 2\Phase 2\Phase2.cpp(558,35): warning C4309: '=': truncation of constant value
C:\Users\David\source\repos\Phase 2\Phase 2\Phase2.cpp(696,20): warning C4309: '=': truncation of constant value
C:\Users\David\source\repos\Phase 2\Phase 2\Phase2.cpp(697,24): warning C4309: '=': truncation of constant value
C:\Users\David\source\repos\Phase 2\Phase 2\Phase2.cpp(698,24): warning C4309: '=': truncation of constant value
C:\Users\David\source\repos\Phase 2\Phase 2\Phase2.cpp(699,24): warning C4309: '=': truncation of constant value
C:\Users\David\source\repos\Phase 2\Phase 2\Phase2.cpp(700,28): warning C4309: '=': truncation of constant value
C:\Users\David\source\repos\Phase 2\Phase 2\Phase2.cpp(701,28): warning C4309: '=': truncation of constant value
C:\Users\David\source\repos\Phase 2\Phase 2\Phase2.cpp(702,24): warning C4309: '=': truncation of constant value
C:\Users\David\source\repos\Phase 2\Phase 2\Phase2.cpp(703,24): warning C4309: '=': truncation of constant value
C:\Users\David\source\repos\Phase 2\Phase 2\Phase2.cpp(704,28): warning C4309: '=': truncation of constant value
C:\Users\David\source\repos\Phase 2\Phase 2\Phase2.cpp(705,28): warning C4309: '=': truncation of constant value
C:\Users\David\source\repos\Phase 2\Phase 2\Phase2.cpp(706,28): warning C4309: '=': truncation of constant value
C:\Users\David\source\repos\Phase 2\Phase 2\Phase2.cpp(707,28): warning C4309: '=': truncation of constant value
C:\Users\David\source\repos\Phase 2\Phase 2\Phase2.cpp(708,28): warning C4309: '=': truncation of constant value
C:\Users\David\source\repos\Phase 2\Phase 2\Phase2.cpp(709,28): warning C4309: '=': truncation of constant value
C:\Users\David\source\repos\Phase 2\Phase 2\Phase2.cpp(710,28): warning C4309: '=': truncation of constant value
C:\Users\David\source\repos\Phase 2\Phase 2\Phase2.cpp(711,28): warning C4309: '=': truncation of constant value
C:\Users\David\source\repos\Phase 2\Phase 2\Phase2.cpp(712,28): warning C4309: '=': truncation of constant value
C:\Users\David\source\repos\Phase 2\Phase 2\Phase2.cpp(713,24): warning C4309: '=': truncation of constant value
C:\Users\David\source\repos\Phase 2\Phase 2\Phase2.cpp(716,28): warning C4309: '=': truncation of constant value
C:\Users\David\source\repos\Phase 2\Phase 2\Phase2.cpp(717,28): warning C4309: '=': truncation of constant value
C:\Users\David\source\repos\Phase 2\Phase 2\Phase2.cpp(811,1): warning C4326: return type of 'main' should be 'int' instead of 'void'
C:\Users\David\source\repos\Phase 2\Phase 2\Phase2.cpp(821,42): warning C4101: 'move': unreferenced local variable
C:\Users\David\source\repos\Phase 2\Phase 2\Phase2.cpp(814,6): warning C4101: 'lazer': unreferenced local variable
C:\Users\David\source\repos\Phase 2\Phase 2\Phase2.cpp(834,7): warning C4101: 'dirb': unreferenced local variable
  Phase 2.vcxproj -> C:\Users\David\source\repos\Phase 2\x64\Debug\Phase 2.exe
